2026-04-30 19:51:42,841 - src.utils - INFO - Logging initialized. Log file: logs\run_20260430_195142.log
2026-04-30 19:51:42,841 - __main__ - INFO - Starting M5 Data Validation
2026-04-30 19:51:42,841 - __main__ - INFO - Data directory: data
2026-04-30 19:51:42,841 - __main__ - INFO - ============================================================
2026-04-30 19:51:42,841 - __main__ - INFO - STEP 1 — File Integrity Checks
2026-04-30 19:51:42,841 - __main__ - INFO - ============================================================
2026-04-30 19:51:44,919 - __main__ - INFO - [INFO] sales_shape: Sales file loaded: 30,490 rows x 1,918 columns
2026-04-30 19:51:44,919 - __main__ - INFO - [INFO] sales_row_count: Row count correct: 30,490
2026-04-30 19:51:44,919 - __main__ - INFO - [INFO] sales_day_cols: Day column count correct: 1913
2026-04-30 19:51:44,919 - __main__ - INFO - [INFO] calendar_shape: Calendar file loaded: 1,969 rows x 13 columns
2026-04-30 19:51:44,919 - __main__ - INFO - [INFO] calendar_row_count: Row count correct: 1,969
2026-04-30 19:51:46,487 - __main__ - INFO - [INFO] prices_shape: Prices file loaded: 6,841,121 rows x 4 columns
2026-04-30 19:51:46,487 - __main__ - INFO - ============================================================
2026-04-30 19:51:46,487 - __main__ - INFO - STEP 2 — Schema Validation
2026-04-30 19:51:46,487 - __main__ - INFO - ============================================================
2026-04-30 19:51:46,487 - __main__ - INFO - --- Sales schema ---
2026-04-30 19:51:46,487 - __main__ - INFO - [INFO] sales_null_item_id: No nulls in 'item_id'
2026-04-30 19:51:46,487 - __main__ - INFO - [INFO] sales_null_dept_id: No nulls in 'dept_id'
2026-04-30 19:51:46,487 - __main__ - INFO - [INFO] sales_null_cat_id: No nulls in 'cat_id'
2026-04-30 19:51:46,487 - __main__ - INFO - [INFO] sales_null_store_id: No nulls in 'store_id'
2026-04-30 19:51:46,487 - __main__ - INFO - [INFO] sales_null_state_id: No nulls in 'state_id'
2026-04-30 19:51:46,686 - __main__ - INFO - [INFO] sales_null_days: No null values in any day column
2026-04-30 19:51:46,719 - __main__ - INFO - [INFO] sales_dtype_days: All day columns are numeric
2026-04-30 19:51:47,070 - __main__ - INFO - [INFO] sales_demand_range: Demand range: [0, 763] — all non-negative
2026-04-30 19:51:47,836 - __main__ - INFO - [INFO] sales_integer_check: All demand values are integer-valued
2026-04-30 19:51:48,182 - __main__ - INFO - [INFO] sales_zero_prevalence: Zero demand prevalence: 68.2% of all (39,777,094 of 58,327,370 cells)
2026-04-30 19:51:48,182 - __main__ - INFO - [INFO] sales_cardinality_state_id: 'state_id': 3 unique values — correct
2026-04-30 19:51:48,182 - __main__ - INFO - [INFO] sales_cardinality_store_id: 'store_id': 10 unique values — correct
2026-04-30 19:51:48,198 - __main__ - INFO - [INFO] sales_cardinality_cat_id: 'cat_id': 3 unique values — correct
2026-04-30 19:51:48,198 - __main__ - INFO - [INFO] sales_cardinality_dept_id: 'dept_id': 7 unique values — correct
2026-04-30 19:51:48,198 - __main__ - INFO - [INFO] sales_cardinality_item_id: 'item_id': 3049 unique values — correct
2026-04-30 19:51:48,198 - __main__ - INFO - --- Calendar schema ---
2026-04-30 19:51:48,198 - __main__ - INFO - [INFO] calendar_date_parse: Date column parsed successfully
2026-04-30 19:51:48,198 - __main__ - INFO - [INFO] calendar_start_date: Start date correct: 2011-01-29
2026-04-30 19:51:48,198 - __main__ - INFO - [INFO] calendar_end_date: End date: 2016-06-19
2026-04-30 19:51:48,198 - __main__ - INFO - [INFO] calendar_duplicate_dates: No duplicate dates
2026-04-30 19:51:48,198 - __main__ - INFO - [INFO] calendar_snap_CA_range: snap_CA: all values are 0 or 1
2026-04-30 19:51:48,198 - __main__ - INFO - [INFO] calendar_snap_TX_range: snap_TX: all values are 0 or 1
2026-04-30 19:51:48,198 - __main__ - INFO - [INFO] calendar_snap_WI_range: snap_WI: all values are 0 or 1
2026-04-30 19:51:48,198 - __main__ - INFO - [INFO] calendar_null_event_name_1: 'event_name_1': 1,807 nulls of 1,969 rows (91.8%) — expected, most days have no event
2026-04-30 19:51:48,198 - __main__ - INFO - [INFO] calendar_null_event_type_1: 'event_type_1': 1,807 nulls of 1,969 rows (91.8%) — expected, most days have no event
2026-04-30 19:51:48,198 - __main__ - INFO - [INFO] calendar_null_event_name_2: 'event_name_2': 1,964 nulls of 1,969 rows (99.7%) — expected, most days have no event
2026-04-30 19:51:48,198 - __main__ - INFO - [INFO] calendar_null_event_type_2: 'event_type_2': 1,964 nulls of 1,969 rows (99.7%) — expected, most days have no event
2026-04-30 19:51:48,198 - __main__ - INFO - [INFO] calendar_null_wm_yr_wk: No nulls in wm_yr_wk
2026-04-30 19:51:48,198 - __main__ - INFO - --- Prices schema ---
2026-04-30 19:51:48,342 - __main__ - INFO - [INFO] prices_null_store_id: No nulls in 'store_id'
2026-04-30 19:51:48,472 - __main__ - INFO - [INFO] prices_null_item_id: No nulls in 'item_id'
2026-04-30 19:51:48,472 - __main__ - INFO - [INFO] prices_null_wm_yr_wk: No nulls in 'wm_yr_wk'
2026-04-30 19:51:48,487 - __main__ - INFO - [INFO] prices_null_sell_price: Null sell_price: 0 rows (0.00%) — expected where item not stocked
2026-04-30 19:51:48,553 - __main__ - INFO - [INFO] prices_positive: All non-null prices are positive. Range: [0.01, 107.32]
2026-04-30 19:51:48,553 - __main__ - INFO - [INFO] prices_dtype: sell_price is numeric
2026-04-30 19:51:48,853 - __main__ - INFO - [INFO] prices_cardinality: Prices cover 10 stores and 3,049 items
2026-04-30 19:51:48,853 - __main__ - INFO - ============================================================
2026-04-30 19:51:48,853 - __main__ - INFO - STEP 3 — Hierarchical Consistency Verification
2026-04-30 19:51:48,853 - __main__ - INFO - ============================================================
2026-04-30 19:51:48,853 - __main__ - INFO - Checking Level 12 to Level 1 (total)
2026-04-30 19:51:48,853 - __main__ - INFO - [INFO] hierarchy_level12_count: Level 12 series count correct: 30,490
2026-04-30 19:51:48,853 - __main__ - INFO - Checking Level 12 to Level 2 (state)
2026-04-30 19:51:49,168 - __main__ - INFO - [INFO] hierarchy_level2_states: Level 2: 3 states found — correct
2026-04-30 19:51:49,219 - __main__ - INFO - [INFO] hierarchy_level2_CA: State CA: 4 stores, 3,049 items, 12,196 series
2026-04-30 19:51:49,264 - __main__ - INFO - [INFO] hierarchy_level2_TX: State TX: 3 stores, 3,049 items, 9,147 series
2026-04-30 19:51:49,310 - __main__ - INFO - [INFO] hierarchy_level2_WI: State WI: 3 stores, 3,049 items, 9,147 series
2026-04-30 19:51:49,310 - __main__ - INFO - Checking Level 12 to Level 3 (store)
2026-04-30 19:51:49,676 - __main__ - INFO - [INFO] hierarchy_level3_stores: Level 3: 10 stores found — correct
2026-04-30 19:51:49,678 - __main__ - INFO - [INFO] hierarchy_items_per_store: All 10 stores have exactly 3,049 items — correct
2026-04-30 19:51:49,678 - __main__ - INFO - Checking Level 12 to Level 4 (category)
2026-04-30 19:51:50,036 - __main__ - INFO - [INFO] hierarchy_level4_cats: Level 4: 3 categories found — correct
2026-04-30 19:51:50,102 - __main__ - INFO - [INFO] hierarchy_level4_FOODS: Category FOODS: 14,370 store-item series
2026-04-30 19:51:50,139 - __main__ - INFO - [INFO] hierarchy_level4_HOBBIES: Category HOBBIES: 5,650 store-item series
2026-04-30 19:51:50,181 - __main__ - INFO - [INFO] hierarchy_level4_HOUSEHOLD: Category HOUSEHOLD: 10,470 store-item series
2026-04-30 19:51:50,181 - __main__ - INFO - Checking Level 12 to Level 5 (department)
2026-04-30 19:51:50,536 - __main__ - INFO - [INFO] hierarchy_level5_depts: Level 5: 7 departments found — correct
2026-04-30 19:51:50,553 - __main__ - INFO - [INFO] hierarchy_level5_FOODS_1: Department FOODS_1: 2,160 store-item series
2026-04-30 19:51:50,587 - __main__ - INFO - [INFO] hierarchy_level5_FOODS_2: Department FOODS_2: 3,980 store-item series
2026-04-30 19:51:50,628 - __main__ - INFO - [INFO] hierarchy_level5_FOODS_3: Department FOODS_3: 8,230 store-item series
2026-04-30 19:51:50,653 - __main__ - INFO - [INFO] hierarchy_level5_HOBBIES_1: Department HOBBIES_1: 4,160 store-item series
2026-04-30 19:51:50,665 - __main__ - INFO - [INFO] hierarchy_level5_HOBBIES_2: Department HOBBIES_2: 1,490 store-item series
2026-04-30 19:51:50,693 - __main__ - INFO - [INFO] hierarchy_level5_HOUSEHOLD_1: Department HOUSEHOLD_1: 5,320 store-item series
2026-04-30 19:51:50,720 - __main__ - INFO - [INFO] hierarchy_level5_HOUSEHOLD_2: Department HOUSEHOLD_2: 5,150 store-item series
2026-04-30 19:51:50,721 - __main__ - INFO - Cross-checking aggregate totals
2026-04-30 19:51:50,903 - __main__ - INFO - [INFO] hierarchy_grand_total: Grand total units sold: 65,695,409
2026-04-30 19:51:50,903 - __main__ - INFO - [INFO] hierarchy_grand_total_match: State aggregation total matches grand total — discrepancy: 0.00e+00
2026-04-30 19:51:50,903 - __main__ - INFO - [INFO] hierarchy_grand_total_match: Store aggregation total matches grand total — discrepancy: 0.00e+00
2026-04-30 19:51:50,903 - __main__ - INFO - [INFO] hierarchy_grand_total_match: Category aggregation total matches grand total — discrepancy: 0.00e+00
2026-04-30 19:51:50,903 - __main__ - INFO - [INFO] hierarchy_grand_total_match: Department aggregation total matches grand total — discrepancy: 0.00e+00
2026-04-30 19:51:50,903 - __main__ - INFO - ============================================================
2026-04-30 19:51:50,903 - __main__ - INFO - STEP 4 — Assumption Verification
2026-04-30 19:51:50,903 - __main__ - INFO - ============================================================
2026-04-30 19:51:50,903 - __main__ - INFO - Checking Assumption 1: Structural zeros
2026-04-30 19:51:51,279 - __main__ - INFO - [INFO] assumption1_all_zero_series: Series with all-zero history: 0 of 30,490 (0.0%) — these will be excluded from model training
2026-04-30 19:51:51,279 - __main__ - INFO - [INFO] assumption1_series_with_leading_zeros: Active series with leading zeros: 23,511 of 30,490 (77.1%)
2026-04-30 19:51:51,294 - __main__ - INFO - [INFO] assumption1_launch_day_distribution: Launch day distribution across active series: min=d_1, median=d_160, max=d_1846
2026-04-30 19:51:51,294 - __main__ - INFO - [INFO] assumption1_launched_day1: Series active from day 1: 6,979 (22.9%)
2026-04-30 19:51:51,294 - __main__ - INFO - [INFO] assumption1_launched_after_d500: Series launching after d_500: 10,819 (35.5%) — clearly new products, structural zeros confirmed
2026-04-30 19:51:51,294 - __main__ - INFO - [INFO] assumption1_verdict: Assumption 1 SUPPORTED: 23,511 series have contiguous leading zeros consistent with pre-launch periods. These will be trimmed before model fitting.
2026-04-30 19:51:51,310 - __main__ - INFO - Checking Assumption 2: Price as availability proxy
2026-04-30 19:51:53,052 - __main__ - INFO - [INFO] assumption2_price_coverage: Sample of 500 series: 735,475 day-records with price, 221,025 without price
2026-04-30 19:51:53,052 - __main__ - INFO - [INFO] assumption2_missing_price_demand: Records with no price: 221,025 zero demand, 0 non-zero demand
2026-04-30 19:51:53,052 - __main__ - INFO - [INFO] assumption2_verdict: Assumption 2 SUPPORTED: All records with missing price have zero demand. Price is a reliable availability proxy.
2026-04-30 19:51:53,078 - __main__ - INFO - Checking Assumption 4: Stationarity of weekly seasonality
2026-04-30 19:51:53,254 - __main__ - INFO - [INFO] assumption4_pattern_Period 1: Period 1
(2011-2012): Sat: 1.21 | Sun: 1.18 | Mon: 0.95 | Tue: 0.89 | Wed: 0.87 | Thu: 0.88 | Fri: 1.01
2026-04-30 19:51:53,254 - __main__ - INFO - [INFO] assumption4_pattern_Period 2: Period 2
(2013-2014): Sat: 1.21 | Sun: 1.20 | Mon: 0.95 | Tue: 0.88 | Wed: 0.87 | Thu: 0.89 | Fri: 1.00
2026-04-30 19:51:53,256 - __main__ - INFO - [INFO] assumption4_pattern_Period 3: Period 3
(2015-2016): Sat: 1.20 | Sun: 1.21 | Mon: 0.96 | Tue: 0.89 | Wed: 0.88 | Thu: 0.87 | Fri: 0.98
2026-04-30 19:51:53,258 - __main__ - INFO - [INFO] assumption4_verdict: Assumption 4 SUPPORTED: Weekly seasonal pattern is stable across all three periods. Max variation: 0.032 on Sunday. Safe to use full history for seasonal feature engineering.
2026-04-30 19:51:53,258 - __main__ - INFO - ============================================================
2026-04-30 19:51:53,258 - __main__ - INFO - VALIDATION SUMMARY
2026-04-30 19:51:53,258 - __main__ - INFO - ============================================================
2026-04-30 19:51:53,260 - __main__ - INFO - CRITICAL: 0 findings
2026-04-30 19:51:53,261 - __main__ - INFO - WARNING: 0 findings
2026-04-30 19:51:53,261 - __main__ - INFO - INFO: 77 findings
