2026-04-30 19:28:35,874 - src.utils - INFO - Logging initialized. Log file: logs\run_20260430_192835.log
2026-04-30 19:28:35,874 - __main__ - INFO - Starting M5 Data Validation
2026-04-30 19:28:35,874 - __main__ - INFO - Data directory: data
2026-04-30 19:28:35,874 - __main__ - INFO - ============================================================
2026-04-30 19:28:35,874 - __main__ - INFO - STEP 1 — File Integrity Checks
2026-04-30 19:28:35,874 - __main__ - INFO - ============================================================
2026-04-30 19:28:37,683 - __main__ - INFO - [INFO] sales_shape: Sales file loaded: 30,490 rows x 1,918 columns
2026-04-30 19:28:37,683 - __main__ - INFO - [INFO] sales_row_count: Row count correct: 30,490
2026-04-30 19:28:37,683 - __main__ - INFO - [INFO] sales_day_cols: Day column count correct: 1913
2026-04-30 19:28:37,690 - __main__ - INFO - [INFO] calendar_shape: Calendar file loaded: 1,969 rows x 13 columns
2026-04-30 19:28:37,690 - __main__ - INFO - [INFO] calendar_row_count: Row count correct: 1,969
2026-04-30 19:28:39,162 - __main__ - INFO - [INFO] prices_shape: Prices file loaded: 6,841,121 rows x 4 columns
2026-04-30 19:28:39,164 - __main__ - INFO - ============================================================
2026-04-30 19:28:39,164 - __main__ - INFO - STEP 2 — Schema Validation
2026-04-30 19:28:39,164 - __main__ - INFO - ============================================================
2026-04-30 19:28:39,164 - __main__ - INFO - --- Sales schema ---
2026-04-30 19:28:39,165 - __main__ - INFO - [INFO] sales_null_item_id: No nulls in 'item_id'
2026-04-30 19:28:39,167 - __main__ - INFO - [INFO] sales_null_dept_id: No nulls in 'dept_id'
2026-04-30 19:28:39,167 - __main__ - INFO - [INFO] sales_null_cat_id: No nulls in 'cat_id'
2026-04-30 19:28:39,169 - __main__ - INFO - [INFO] sales_null_store_id: No nulls in 'store_id'
2026-04-30 19:28:39,169 - __main__ - INFO - [INFO] sales_null_state_id: No nulls in 'state_id'
2026-04-30 19:28:39,362 - __main__ - INFO - [INFO] sales_null_days: No null values in any day column
2026-04-30 19:28:39,391 - __main__ - INFO - [INFO] sales_dtype_days: All day columns are numeric
2026-04-30 19:28:39,741 - __main__ - INFO - [INFO] sales_demand_range: Demand range: [0, 763] — all non-negative
2026-04-30 19:28:40,531 - __main__ - INFO - [INFO] sales_integer_check: All demand values are integer-valued
2026-04-30 19:28:40,892 - __main__ - INFO - [INFO] sales_zero_prevalence: Zero demand prevalence: 68.2% of all (39,777,094 of 58,327,370 cells)
2026-04-30 19:28:40,892 - __main__ - INFO - [INFO] sales_cardinality_state_id: 'state_id': 3 unique values — correct
2026-04-30 19:28:40,892 - __main__ - INFO - [INFO] sales_cardinality_store_id: 'store_id': 10 unique values — correct
2026-04-30 19:28:40,892 - __main__ - INFO - [INFO] sales_cardinality_cat_id: 'cat_id': 3 unique values — correct
2026-04-30 19:28:40,892 - __main__ - INFO - [INFO] sales_cardinality_dept_id: 'dept_id': 7 unique values — correct
2026-04-30 19:28:40,892 - __main__ - INFO - [INFO] sales_cardinality_item_id: 'item_id': 3049 unique values — correct
2026-04-30 19:28:40,892 - __main__ - INFO - --- Calendar schema ---
2026-04-30 19:28:40,892 - __main__ - INFO - [INFO] calendar_date_parse: Date column parsed successfully
2026-04-30 19:28:40,892 - __main__ - INFO - [INFO] calendar_start_date: Start date correct: 2011-01-29
2026-04-30 19:28:40,892 - __main__ - INFO - [INFO] calendar_end_date: End date: 2016-06-19
2026-04-30 19:28:40,892 - __main__ - INFO - [INFO] calendar_duplicate_dates: No duplicate dates
2026-04-30 19:28:40,892 - __main__ - INFO - [INFO] calendar_snap_CA_range: snap_CA: all values are 0 or 1
2026-04-30 19:28:40,907 - __main__ - INFO - [INFO] calendar_snap_TX_range: snap_TX: all values are 0 or 1
2026-04-30 19:28:40,908 - __main__ - INFO - [INFO] calendar_snap_WI_range: snap_WI: all values are 0 or 1
2026-04-30 19:28:40,909 - __main__ - INFO - [INFO] calendar_null_event_name_1: 'event_name_1': 1,807 nulls of 1,969 rows (91.8%) — expected, most days have no event
2026-04-30 19:28:40,909 - __main__ - INFO - [INFO] calendar_null_event_type_1: 'event_type_1': 1,807 nulls of 1,969 rows (91.8%) — expected, most days have no event
2026-04-30 19:28:40,911 - __main__ - INFO - [INFO] calendar_null_event_name_2: 'event_name_2': 1,964 nulls of 1,969 rows (99.7%) — expected, most days have no event
2026-04-30 19:28:40,911 - __main__ - INFO - [INFO] calendar_null_event_type_2: 'event_type_2': 1,964 nulls of 1,969 rows (99.7%) — expected, most days have no event
2026-04-30 19:28:40,911 - __main__ - INFO - [INFO] calendar_null_wm_yr_wk: No nulls in wm_yr_wk
2026-04-30 19:28:40,911 - __main__ - INFO - --- Prices schema ---
2026-04-30 19:28:41,057 - __main__ - INFO - [INFO] prices_null_store_id: No nulls in 'store_id'
2026-04-30 19:28:41,194 - __main__ - INFO - [INFO] prices_null_item_id: No nulls in 'item_id'
2026-04-30 19:28:41,198 - __main__ - INFO - [INFO] prices_null_wm_yr_wk: No nulls in 'wm_yr_wk'
2026-04-30 19:28:41,205 - __main__ - INFO - [INFO] prices_null_sell_price: Null sell_price: 0 rows (0.00%) — expected where item not stocked
2026-04-30 19:28:41,267 - __main__ - INFO - [INFO] prices_positive: All non-null prices are positive. Range: [0.01, 107.32]
2026-04-30 19:28:41,267 - __main__ - INFO - [INFO] prices_dtype: sell_price is numeric
2026-04-30 19:28:41,591 - __main__ - INFO - [INFO] prices_cardinality: Prices cover 10 stores and 3,049 items
2026-04-30 19:28:41,591 - __main__ - INFO - ============================================================
2026-04-30 19:28:41,591 - __main__ - INFO - STEP 3 — Hierarchical Consistency Verification
2026-04-30 19:28:41,591 - __main__ - INFO - ============================================================
2026-04-30 19:28:41,591 - __main__ - INFO - Checking Level 12 to Level 1 (total)
2026-04-30 19:28:41,591 - __main__ - INFO - Checking Level 12 to Level 2 (state)
2026-04-30 19:28:41,591 - __main__ - INFO - Checking Level 12 to Level 3 (store)
2026-04-30 19:28:41,591 - __main__ - INFO - Checking Level 12 to Level 4 (category)
2026-04-30 19:28:41,606 - __main__ - INFO - Checking Level 12 to Level 5 (department)
2026-04-30 19:28:41,606 - __main__ - INFO - [INFO] hierarchy_level12_count: Level 12 series count correct: 30,490
2026-04-30 19:28:41,974 - __main__ - INFO - [INFO] hierarchy_level2_states: Level 2: 3 states found — correct
2026-04-30 19:28:42,024 - __main__ - INFO - [INFO] hierarchy_level2_CA: State CA: 4 stores, 3,049 items, 12,196 series
2026-04-30 19:28:42,069 - __main__ - INFO - [INFO] hierarchy_level2_TX: State TX: 3 stores, 3,049 items, 9,147 series
2026-04-30 19:28:42,110 - __main__ - INFO - [INFO] hierarchy_level2_WI: State WI: 3 stores, 3,049 items, 9,147 series
2026-04-30 19:28:42,475 - __main__ - INFO - [INFO] hierarchy_level3_stores: Level 3: 10 stores found — correct
2026-04-30 19:28:42,475 - __main__ - INFO - [INFO] hierarchy_items_per_store: All 10 stores have exactly 3,049 items — correct
2026-04-30 19:28:42,823 - __main__ - INFO - [INFO] hierarchy_level4_cats: Level 4: 3 categories found — correct
2026-04-30 19:28:42,887 - __main__ - INFO - [INFO] hierarchy_level4_FOODS: Category FOODS: 14,370 store-item series
2026-04-30 19:28:42,918 - __main__ - INFO - [INFO] hierarchy_level4_HOBBIES: Category HOBBIES: 5,650 store-item series
2026-04-30 19:28:42,968 - __main__ - INFO - [INFO] hierarchy_level4_HOUSEHOLD: Category HOUSEHOLD: 10,470 store-item series
2026-04-30 19:28:43,298 - __main__ - INFO - [INFO] hierarchy_level5_depts: Level 5: 7 departments found — correct
2026-04-30 19:28:43,306 - __main__ - INFO - [INFO] hierarchy_level5_FOODS_1: Department FOODS_1: 2,160 store-item series
2026-04-30 19:28:43,330 - __main__ - INFO - [INFO] hierarchy_level5_FOODS_2: Department FOODS_2: 3,980 store-item series
2026-04-30 19:28:43,370 - __main__ - INFO - [INFO] hierarchy_level5_FOODS_3: Department FOODS_3: 8,230 store-item series
2026-04-30 19:28:43,392 - __main__ - INFO - [INFO] hierarchy_level5_HOBBIES_1: Department HOBBIES_1: 4,160 store-item series
2026-04-30 19:28:43,407 - __main__ - INFO - [INFO] hierarchy_level5_HOBBIES_2: Department HOBBIES_2: 1,490 store-item series
2026-04-30 19:28:43,433 - __main__ - INFO - [INFO] hierarchy_level5_HOUSEHOLD_1: Department HOUSEHOLD_1: 5,320 store-item series
2026-04-30 19:28:43,458 - __main__ - INFO - [INFO] hierarchy_level5_HOUSEHOLD_2: Department HOUSEHOLD_2: 5,150 store-item series
2026-04-30 19:28:43,458 - __main__ - INFO - Cross-checking aggregate totals
2026-04-30 19:28:43,607 - __main__ - INFO - [INFO] hierarchy_grand_total: Grand total units sold: 65,695,409
2026-04-30 19:28:43,607 - __main__ - INFO - [INFO] hierarchy_grand_total_match: State aggregation total matches grand total — discrepancy: 0.00e+00
2026-04-30 19:28:43,607 - __main__ - INFO - [INFO] hierarchy_grand_total_match: Store aggregation total matches grand total — discrepancy: 0.00e+00
2026-04-30 19:28:43,607 - __main__ - INFO - [INFO] hierarchy_grand_total_match: Category aggregation total matches grand total — discrepancy: 0.00e+00
2026-04-30 19:28:43,607 - __main__ - INFO - [INFO] hierarchy_grand_total_match: Department aggregation total matches grand total — discrepancy: 0.00e+00
2026-04-30 19:28:43,607 - __main__ - INFO - ============================================================
2026-04-30 19:28:43,607 - __main__ - INFO - VALIDATION SUMMARY
2026-04-30 19:28:43,607 - __main__ - INFO - ============================================================
2026-04-30 19:28:43,607 - __main__ - INFO - CRITICAL: 0 findings
2026-04-30 19:28:43,607 - __main__ - INFO - WARNING: 0 findings
2026-04-30 19:28:43,607 - __main__ - INFO - INFO: 64 findings
