2026-04-30 19:43:45,667 - src.utils - INFO - Logging initialized. Log file: logs\run_20260430_194345.log
2026-04-30 19:43:45,667 - __main__ - INFO - Starting M5 Data Validation
2026-04-30 19:43:45,667 - __main__ - INFO - Data directory: data
2026-04-30 19:43:45,667 - __main__ - INFO - ============================================================
2026-04-30 19:43:45,667 - __main__ - INFO - STEP 1 Ś File Integrity Checks
2026-04-30 19:43:45,667 - __main__ - INFO - ============================================================
2026-04-30 19:43:47,604 - __main__ - INFO - [INFO] sales_shape: Sales file loaded: 30,490 rows x 1,918 columns
2026-04-30 19:43:47,604 - __main__ - INFO - [INFO] sales_row_count: Row count correct: 30,490
2026-04-30 19:43:47,604 - __main__ - INFO - [INFO] sales_day_cols: Day column count correct: 1913
2026-04-30 19:43:47,611 - __main__ - INFO - [INFO] calendar_shape: Calendar file loaded: 1,969 rows x 13 columns
2026-04-30 19:43:47,611 - __main__ - INFO - [INFO] calendar_row_count: Row count correct: 1,969
2026-04-30 19:43:49,135 - __main__ - INFO - [INFO] prices_shape: Prices file loaded: 6,841,121 rows x 4 columns
2026-04-30 19:43:49,135 - __main__ - INFO - ============================================================
2026-04-30 19:43:49,135 - __main__ - INFO - STEP 2 Ś Schema Validation
2026-04-30 19:43:49,136 - __main__ - INFO - ============================================================
2026-04-30 19:43:49,136 - __main__ - INFO - --- Sales schema ---
2026-04-30 19:43:49,139 - __main__ - INFO - [INFO] sales_null_item_id: No nulls in 'item_id'
2026-04-30 19:43:49,140 - __main__ - INFO - [INFO] sales_null_dept_id: No nulls in 'dept_id'
2026-04-30 19:43:49,141 - __main__ - INFO - [INFO] sales_null_cat_id: No nulls in 'cat_id'
2026-04-30 19:43:49,143 - __main__ - INFO - [INFO] sales_null_store_id: No nulls in 'store_id'
2026-04-30 19:43:49,145 - __main__ - INFO - [INFO] sales_null_state_id: No nulls in 'state_id'
2026-04-30 19:43:49,339 - __main__ - INFO - [INFO] sales_null_days: No null values in any day column
2026-04-30 19:43:49,370 - __main__ - INFO - [INFO] sales_dtype_days: All day columns are numeric
2026-04-30 19:43:49,711 - __main__ - INFO - [INFO] sales_demand_range: Demand range: [0, 763] Ś all non-negative
2026-04-30 19:43:50,461 - __main__ - INFO - [INFO] sales_integer_check: All demand values are integer-valued
2026-04-30 19:43:50,811 - __main__ - INFO - [INFO] sales_zero_prevalence: Zero demand prevalence: 68.2% of all (39,777,094 of 58,327,370 cells)
2026-04-30 19:43:50,811 - __main__ - INFO - [INFO] sales_cardinality_state_id: 'state_id': 3 unique values Ś correct
2026-04-30 19:43:50,811 - __main__ - INFO - [INFO] sales_cardinality_store_id: 'store_id': 10 unique values Ś correct
2026-04-30 19:43:50,811 - __main__ - INFO - [INFO] sales_cardinality_cat_id: 'cat_id': 3 unique values Ś correct
2026-04-30 19:43:50,811 - __main__ - INFO - [INFO] sales_cardinality_dept_id: 'dept_id': 7 unique values Ś correct
2026-04-30 19:43:50,811 - __main__ - INFO - [INFO] sales_cardinality_item_id: 'item_id': 3049 unique values Ś correct
2026-04-30 19:43:50,811 - __main__ - INFO - --- Calendar schema ---
2026-04-30 19:43:50,811 - __main__ - INFO - [INFO] calendar_date_parse: Date column parsed successfully
2026-04-30 19:43:50,811 - __main__ - INFO - [INFO] calendar_start_date: Start date correct: 2011-01-29
2026-04-30 19:43:50,826 - __main__ - INFO - [INFO] calendar_end_date: End date: 2016-06-19
2026-04-30 19:43:50,827 - __main__ - INFO - [INFO] calendar_duplicate_dates: No duplicate dates
2026-04-30 19:43:50,828 - __main__ - INFO - [INFO] calendar_snap_CA_range: snap_CA: all values are 0 or 1
2026-04-30 19:43:50,828 - __main__ - INFO - [INFO] calendar_snap_TX_range: snap_TX: all values are 0 or 1
2026-04-30 19:43:50,828 - __main__ - INFO - [INFO] calendar_snap_WI_range: snap_WI: all values are 0 or 1
2026-04-30 19:43:50,828 - __main__ - INFO - [INFO] calendar_null_event_name_1: 'event_name_1': 1,807 nulls of 1,969 rows (91.8%) Ś expected, most days have no event
2026-04-30 19:43:50,828 - __main__ - INFO - [INFO] calendar_null_event_type_1: 'event_type_1': 1,807 nulls of 1,969 rows (91.8%) Ś expected, most days have no event
2026-04-30 19:43:50,828 - __main__ - INFO - [INFO] calendar_null_event_name_2: 'event_name_2': 1,964 nulls of 1,969 rows (99.7%) Ś expected, most days have no event
2026-04-30 19:43:50,828 - __main__ - INFO - [INFO] calendar_null_event_type_2: 'event_type_2': 1,964 nulls of 1,969 rows (99.7%) Ś expected, most days have no event
2026-04-30 19:43:50,828 - __main__ - INFO - [INFO] calendar_null_wm_yr_wk: No nulls in wm_yr_wk
2026-04-30 19:43:50,828 - __main__ - INFO - --- Prices schema ---
2026-04-30 19:43:50,960 - __main__ - INFO - [INFO] prices_null_store_id: No nulls in 'store_id'
2026-04-30 19:43:51,115 - __main__ - INFO - [INFO] prices_null_item_id: No nulls in 'item_id'
2026-04-30 19:43:51,120 - __main__ - INFO - [INFO] prices_null_wm_yr_wk: No nulls in 'wm_yr_wk'
2026-04-30 19:43:51,130 - __main__ - INFO - [INFO] prices_null_sell_price: Null sell_price: 0 rows (0.00%) Ś expected where item not stocked
2026-04-30 19:43:51,192 - __main__ - INFO - [INFO] prices_positive: All non-null prices are positive. Range: [0.01, 107.32]
2026-04-30 19:43:51,192 - __main__ - INFO - [INFO] prices_dtype: sell_price is numeric
2026-04-30 19:43:51,486 - __main__ - INFO - [INFO] prices_cardinality: Prices cover 10 stores and 3,049 items
2026-04-30 19:43:51,486 - __main__ - INFO - ============================================================
2026-04-30 19:43:51,492 - __main__ - INFO - STEP 3 Ś Hierarchical Consistency Verification
2026-04-30 19:43:51,492 - __main__ - INFO - ============================================================
2026-04-30 19:43:51,493 - __main__ - INFO - Checking Level 12 to Level 1 (total)
2026-04-30 19:43:51,494 - __main__ - INFO - [INFO] hierarchy_level12_count: Level 12 series count correct: 30,490
2026-04-30 19:43:51,494 - __main__ - INFO - Checking Level 12 to Level 2 (state)
2026-04-30 19:43:51,872 - __main__ - INFO - [INFO] hierarchy_level2_states: Level 2: 3 states found Ś correct
2026-04-30 19:43:51,910 - __main__ - INFO - [INFO] hierarchy_level2_CA: State CA: 4 stores, 3,049 items, 12,196 series
2026-04-30 19:43:51,962 - __main__ - INFO - [INFO] hierarchy_level2_TX: State TX: 3 stores, 3,049 items, 9,147 series
2026-04-30 19:43:52,006 - __main__ - INFO - [INFO] hierarchy_level2_WI: State WI: 3 stores, 3,049 items, 9,147 series
2026-04-30 19:43:52,006 - __main__ - INFO - Checking Level 12 to Level 3 (store)
2026-04-30 19:43:52,370 - __main__ - INFO - [INFO] hierarchy_level3_stores: Level 3: 10 stores found Ś correct
2026-04-30 19:43:52,370 - __main__ - INFO - [INFO] hierarchy_items_per_store: All 10 stores have exactly 3,049 items Ś correct
2026-04-30 19:43:52,376 - __main__ - INFO - Checking Level 12 to Level 4 (category)
2026-04-30 19:43:52,760 - __main__ - INFO - [INFO] hierarchy_level4_cats: Level 4: 3 categories found Ś correct
2026-04-30 19:43:52,826 - __main__ - INFO - [INFO] hierarchy_level4_FOODS: Category FOODS: 14,370 store-item series
2026-04-30 19:43:52,845 - __main__ - INFO - [INFO] hierarchy_level4_HOBBIES: Category HOBBIES: 5,650 store-item series
2026-04-30 19:43:52,894 - __main__ - INFO - [INFO] hierarchy_level4_HOUSEHOLD: Category HOUSEHOLD: 10,470 store-item series
2026-04-30 19:43:52,894 - __main__ - INFO - Checking Level 12 to Level 5 (department)
2026-04-30 19:43:53,268 - __main__ - INFO - [INFO] hierarchy_level5_depts: Level 5: 7 departments found Ś correct
2026-04-30 19:43:53,284 - __main__ - INFO - [INFO] hierarchy_level5_FOODS_1: Department FOODS_1: 2,160 store-item series
2026-04-30 19:43:53,300 - __main__ - INFO - [INFO] hierarchy_level5_FOODS_2: Department FOODS_2: 3,980 store-item series
2026-04-30 19:43:53,349 - __main__ - INFO - [INFO] hierarchy_level5_FOODS_3: Department FOODS_3: 8,230 store-item series
2026-04-30 19:43:53,373 - __main__ - INFO - [INFO] hierarchy_level5_HOBBIES_1: Department HOBBIES_1: 4,160 store-item series
2026-04-30 19:43:53,377 - __main__ - INFO - [INFO] hierarchy_level5_HOBBIES_2: Department HOBBIES_2: 1,490 store-item series
2026-04-30 19:43:53,413 - __main__ - INFO - [INFO] hierarchy_level5_HOUSEHOLD_1: Department HOUSEHOLD_1: 5,320 store-item series
2026-04-30 19:43:53,428 - __main__ - INFO - [INFO] hierarchy_level5_HOUSEHOLD_2: Department HOUSEHOLD_2: 5,150 store-item series
2026-04-30 19:43:53,428 - __main__ - INFO - Cross-checking aggregate totals
2026-04-30 19:43:53,601 - __main__ - INFO - [INFO] hierarchy_grand_total: Grand total units sold: 65,695,409
2026-04-30 19:43:53,601 - __main__ - INFO - [INFO] hierarchy_grand_total_match: State aggregation total matches grand total Ś discrepancy: 0.00e+00
2026-04-30 19:43:53,601 - __main__ - INFO - [INFO] hierarchy_grand_total_match: Store aggregation total matches grand total Ś discrepancy: 0.00e+00
2026-04-30 19:43:53,601 - __main__ - INFO - [INFO] hierarchy_grand_total_match: Category aggregation total matches grand total Ś discrepancy: 0.00e+00
2026-04-30 19:43:53,601 - __main__ - INFO - [INFO] hierarchy_grand_total_match: Department aggregation total matches grand total Ś discrepancy: 0.00e+00
2026-04-30 19:43:53,601 - __main__ - INFO - ============================================================
2026-04-30 19:43:53,601 - __main__ - INFO - VALIDATION SUMMARY
2026-04-30 19:43:53,601 - __main__ - INFO - ============================================================
2026-04-30 19:43:53,611 - __main__ - INFO - CRITICAL: 0 findings
2026-04-30 19:43:53,611 - __main__ - INFO - WARNING: 0 findings
2026-04-30 19:43:53,611 - __main__ - INFO - INFO: 64 findings
